<?xml version="1.0" encoding="UTF-8"?>
<coverage generated="1756040495185" clover="3.2.0">
  <project timestamp="1756040495185" name="All files">
    <metrics statements="13" coveredstatements="13" conditionals="1" coveredconditionals="0" methods="2" coveredmethods="2" elements="16" coveredelements="15" complexity="0" loc="13" ncloc="13" packages="3" files="5" classes="5"/>
    <package name="clients">
      <metrics statements="7" coveredstatements="7" conditionals="1" coveredconditionals="0" methods="2" coveredmethods="2"/>
      <file name="usersClient.js" path="C:\Users\vmathapa\workspace\Evinova\Vivek_Assignment\api-tests\clients\usersClient.js">
        <metrics statements="7" coveredstatements="7" conditionals="1" coveredconditionals="0" methods="2" coveredmethods="2"/>
        <line num="1" count="1" type="stmt"/>
        <line num="3" count="1" type="stmt"/>
        <line num="4" count="1" type="stmt"/>
        <line num="6" count="1" type="stmt"/>
        <line num="15" count="1" type="stmt"/>
        <line num="16" count="2" type="cond" truecount="0" falsecount="1"/>
        <line num="17" count="2" type="stmt"/>
      </file>
    </package>
    <package name="data">
      <metrics statements="1" coveredstatements="1" conditionals="0" coveredconditionals="0" methods="0" coveredmethods="0"/>
      <file name="usersData.js" path="C:\Users\vmathapa\workspace\Evinova\Vivek_Assignment\api-tests\data\usersData.js">
        <metrics statements="1" coveredstatements="1" conditionals="0" coveredconditionals="0" methods="0" coveredmethods="0"/>
        <line num="1" count="1" type="stmt"/>
      </file>
    </package>
    <package name="validators">
      <metrics statements="5" coveredstatements="5" conditionals="0" coveredconditionals="0" methods="0" coveredmethods="0"/>
      <file name="usersAjvPostSchema.js" path="C:\Users\vmathapa\workspace\Evinova\Vivek_Assignment\api-tests\validators\usersAjvPostSchema.js">
        <metrics statements="1" coveredstatements="1" conditionals="0" coveredconditionals="0" methods="0" coveredmethods="0"/>
        <line num="1" count="1" type="stmt"/>
      </file>
      <file name="usersAjvSchema.js" path="C:\Users\vmathapa\workspace\Evinova\Vivek_Assignment\api-tests\validators\usersAjvSchema.js">
        <metrics statements="1" coveredstatements="1" conditionals="0" coveredconditionals="0" methods="0" coveredmethods="0"/>
        <line num="1" count="1" type="stmt"/>
      </file>
      <file name="usersValidator.js" path="C:\Users\vmathapa\workspace\Evinova\Vivek_Assignment\api-tests\validators\usersValidator.js">
        <metrics statements="3" coveredstatements="3" conditionals="0" coveredconditionals="0" methods="0" coveredmethods="0"/>
        <line num="1" count="1" type="stmt"/>
        <line num="3" count="1" type="stmt"/>
        <line num="15" count="1" type="stmt"/>
      </file>
    </package>
  </project>
</coverage>
