{"C:\\Users\\vmathapa\\workspace\\Evinova\\Vivek_Assignment\\api-tests\\clients\\usersClient.js": {"path":"C:\\Users\\vmathapa\\workspace\\Evinova\\Vivek_Assignment\\api-tests\\clients\\usersClient.js","statementMap":{"0":{"start":{"line":1,"column":15},"end":{"line":1,"column":32}},"1":{"start":{"line":3,"column":17},"end":{"line":3,"column":40}},"2":{"start":{"line":4,"column":16},"end":{"line":4,"column":32}},"3":{"start":{"line":6,"column":0},"end":{"line":13,"column":3}},"4":{"start":{"line":15,"column":0},"end":{"line":18,"column":2}},"5":{"start":{"line":16,"column":26},"end":{"line":16,"column":70}},"6":{"start":{"line":17,"column":22},"end":{"line":17,"column":64}}},"fnMap":{"0":{"name":"(anonymous_0)","decl":{"start":{"line":16,"column":12},"end":{"line":16,"column":13}},"loc":{"start":{"line":16,"column":26},"end":{"line":16,"column":70}},"line":16},"1":{"name":"(anonymous_1)","decl":{"start":{"line":17,"column":12},"end":{"line":17,"column":13}},"loc":{"start":{"line":17,"column":22},"end":{"line":17,"column":64}},"line":17}},"branchMap":{"0":{"loc":{"start":{"line":16,"column":13},"end":{"line":16,"column":21}},"type":"default-arg","locations":[{"start":{"line":16,"column":20},"end":{"line":16,"column":21}}],"line":16}},"s":{"0":1,"1":1,"2":1,"3":1,"4":1,"5":2,"6":2},"f":{"0":2,"1":2},"b":{"0":[0]},"_coverageSchema":"1a1c01bbd47fc00a2c39e90264f33305004495a9","hash":"218ff81cb6e3d189f7ed43e649a9b747af462675"}
,"C:\\Users\\vmathapa\\workspace\\Evinova\\Vivek_Assignment\\api-tests\\data\\usersData.js": {"path":"C:\\Users\\vmathapa\\workspace\\Evinova\\Vivek_Assignment\\api-tests\\data\\usersData.js","statementMap":{"0":{"start":{"line":1,"column":0},"end":{"line":12,"column":2}}},"fnMap":{},"branchMap":{},"s":{"0":1},"f":{},"b":{},"_coverageSchema":"1a1c01bbd47fc00a2c39e90264f33305004495a9","hash":"9619aec468ae41fa059bfce67a6fc337ab295109"}
,"C:\\Users\\vmathapa\\workspace\\Evinova\\Vivek_Assignment\\api-tests\\validators\\usersAjvPostSchema.js": {"path":"C:\\Users\\vmathapa\\workspace\\Evinova\\Vivek_Assignment\\api-tests\\validators\\usersAjvPostSchema.js","statementMap":{"0":{"start":{"line":1,"column":0},"end":{"line":12,"column":2}}},"fnMap":{},"branchMap":{},"s":{"0":1},"f":{},"b":{},"_coverageSchema":"1a1c01bbd47fc00a2c39e90264f33305004495a9","hash":"704dcbf27440f00810f1e11f2b7ec6e962092c45"}
,"C:\\Users\\vmathapa\\workspace\\Evinova\\Vivek_Assignment\\api-tests\\validators\\usersAjvSchema.js": {"path":"C:\\Users\\vmathapa\\workspace\\Evinova\\Vivek_Assignment\\api-tests\\validators\\usersAjvSchema.js","statementMap":{"0":{"start":{"line":1,"column":0},"end":{"line":34,"column":2}}},"fnMap":{},"branchMap":{},"s":{"0":1},"f":{},"b":{},"_coverageSchema":"1a1c01bbd47fc00a2c39e90264f33305004495a9","hash":"5d089e7369788ad9acf34cf2199e50c679913b02"}
,"C:\\Users\\vmathapa\\workspace\\Evinova\\Vivek_Assignment\\api-tests\\validators\\usersValidator.js": {"path":"C:\\Users\\vmathapa\\workspace\\Evinova\\Vivek_Assignment\\api-tests\\validators\\usersValidator.js","statementMap":{"0":{"start":{"line":1,"column":12},"end":{"line":1,"column":33}},"1":{"start":{"line":3,"column":26},"end":{"line":13,"column":1}},"2":{"start":{"line":15,"column":0},"end":{"line":15,"column":39}}},"fnMap":{},"branchMap":{},"s":{"0":1,"1":1,"2":1},"f":{},"b":{},"_coverageSchema":"1a1c01bbd47fc00a2c39e90264f33305004495a9","hash":"47e86413278f90e2fbdf48d1d67d750f20e40ba6"}
}
