TN:
SF:api-tests\clients\usersClient.js
FN:16,(anonymous_0)
FN:17,(anonymous_1)
FNF:2
FNH:2
FNDA:2,(anonymous_0)
FNDA:2,(anonymous_1)
DA:1,1
DA:3,1
DA:4,1
DA:6,1
DA:15,1
DA:16,2
DA:17,2
LF:7
LH:7
BRDA:16,0,0,0
BRF:1
BRH:0
end_of_record
TN:
SF:api-tests\data\usersData.js
FNF:0
FNH:0
DA:1,1
LF:1
LH:1
BRF:0
BRH:0
end_of_record
TN:
SF:api-tests\validators\usersAjvPostSchema.js
FNF:0
FNH:0
DA:1,1
LF:1
LH:1
BRF:0
BRH:0
end_of_record
TN:
SF:api-tests\validators\usersAjvSchema.js
FNF:0
FNH:0
DA:1,1
LF:1
LH:1
BRF:0
BRH:0
end_of_record
TN:
SF:api-tests\validators\usersValidator.js
FNF:0
FNH:0
DA:1,1
DA:3,1
DA:15,1
LF:3
LH:3
BRF:0
BRH:0
end_of_record
